<?xml version="1.0" encoding="UTF-8"?>
<!-- Generated by org.testng.reporters.JUnitReportReporter -->
<testsuite skipped="0" hostname="DESKTOP-1SG68K1" name="com.edu.techfantasy.appiumExample.SettingsTest" tests="1" failures="0" timestamp="2020-09-20T11:40:18 IST" time="4.414" errors="0">
  <testcase name="settingTestOnData" time="4.414" classname="com.edu.techfantasy.appiumExample.SettingsTest"/>
  <system-out/>
</testsuite> <!-- com.edu.techfantasy.appiumExample.SettingsTest -->
